<?xml version="1.0" encoding="UTF-8"?>
<!-- Generated by org.testng.reporters.JUnitReportReporter -->
<testsuite hostname="DESKTOP-MMSR92P" failures="0" tests="3" name="com.comcast.crm.ALL_org_contactTEST.CreatecontactTest" time="22.631" errors="0" timestamp="10 Mar 2025 11:37:29 GMT">
  <testcase classname="com.comcast.crm.ALL_org_contactTEST.CreatecontactTest" name="createContact" time="5.680"/>
  <testcase classname="com.comcast.crm.ALL_org_contactTEST.CreatecontactTest" name="createContactwithOrgTest" time="5.315"/>
  <testcase classname="com.comcast.crm.ALL_org_contactTEST.CreatecontactTest" name="createContactwithsupportdateTest" time="11.636"/>
</testsuite> <!-- com.comcast.crm.ALL_org_contactTEST.CreatecontactTest -->
