<?xml version="1.0" encoding="UTF-8"?>
<!-- Generated by org.testng.reporters.JUnitReportReporter -->
<testsuite hostname="DESKTOP-MMSR92P" failures="0" tests="1" name="com.comcast.crm.ALL_org_contactTEST.CreateOrgTest" time="5.827" errors="0" timestamp="13 Mar 2025 06:31:25 GMT">
  <testcase classname="com.comcast.crm.ALL_org_contactTEST.CreateOrgTest" name="OrgTest" time="5.827"/>
</testsuite> <!-- com.comcast.crm.ALL_org_contactTEST.CreateOrgTest -->
