<?xml version="1.0" encoding="UTF-8"?>
<!-- Generated by org.testng.reporters.JUnitReportReporter -->
<testsuite hostname="DESKTOP-MMSR92P" failures="0" tests="1" name="practice.Test.NinzaHRM" time="7.055" errors="0" timestamp="2025-03-21T11:12:43 IST" skipped="0">
  <testcase classname="practice.Test.NinzaHRM" name="NinzaTest" time="7.055"/>
</testsuite> <!-- practice.Test.NinzaHRM -->
